<?xml version="1.0" encoding="UTF-8"?>
<testng-results ignored="0" total="1" passed="1" failed="0" skipped="0">
  <reporter-output>
  </reporter-output>
  <suite started-at="2023-07-17T10:12:03 IST" name="Default suite" finished-at="2023-07-17T10:12:25 IST" duration-ms="21780">
    <groups>
    </groups>
    <test started-at="2023-07-17T10:12:03 IST" name="Default test" finished-at="2023-07-17T10:12:25 IST" duration-ms="21780">
      <class name="LoginTestCase.TC_LP_001">
        <test-method signature="TC_OO1_Login()[pri:2, instance:LoginTestCase.TC_LP_001@368f2016]" started-at="2023-07-17T10:12:03 IST" name="TC_OO1_Login" finished-at="2023-07-17T10:12:25 IST" duration-ms="21730" status="PASS">
          <reporter-output>
          </reporter-output>
        </test-method> <!-- TC_OO1_Login -->
      </class> <!-- LoginTestCase.TC_LP_001 -->
    </test> <!-- Default test -->
  </suite> <!-- Default suite -->
</testng-results>
